<?xml version="1.0" encoding="UTF-8"?>
<coverage generated="1673792201934" clover="3.2.0">
  <project timestamp="1673792201934" name="All files">
    <metrics statements="35" coveredstatements="35" conditionals="39" coveredconditionals="35" methods="3" coveredmethods="3" elements="77" coveredelements="73" complexity="0" loc="35" ncloc="35" packages="1" files="1" classes="1"/>
    <file name="gilded_rose.js" path="/Users/berwyntan/Dev/GlidedRose-js/js-jest/src/gilded_rose.js">
      <metrics statements="35" coveredstatements="35" conditionals="39" coveredconditionals="35" methods="3" coveredmethods="3"/>
      <line num="3" count="19" type="stmt"/>
      <line num="4" count="19" type="stmt"/>
      <line num="5" count="19" type="stmt"/>
      <line num="11" count="19" type="stmt"/>
      <line num="14" count="19" type="stmt"/>
      <line num="15" count="19" type="cond" truecount="4" falsecount="0"/>
      <line num="16" count="10" type="cond" truecount="2" falsecount="0"/>
      <line num="17" count="7" type="cond" truecount="2" falsecount="0"/>
      <line num="18" count="6" type="cond" truecount="2" falsecount="0"/>
      <line num="19" count="3" type="stmt"/>
      <line num="21" count="3" type="stmt"/>
      <line num="27" count="9" type="cond" truecount="2" falsecount="0"/>
      <line num="28" count="8" type="stmt"/>
      <line num="29" count="8" type="cond" truecount="2" falsecount="0"/>
      <line num="30" count="4" type="cond" truecount="2" falsecount="0"/>
      <line num="31" count="3" type="cond" truecount="1" falsecount="1"/>
      <line num="32" count="3" type="stmt"/>
      <line num="35" count="4" type="cond" truecount="2" falsecount="0"/>
      <line num="36" count="2" type="cond" truecount="1" falsecount="1"/>
      <line num="37" count="2" type="stmt"/>
      <line num="43" count="19" type="cond" truecount="2" falsecount="0"/>
      <line num="44" count="18" type="stmt"/>
      <line num="46" count="19" type="cond" truecount="2" falsecount="0"/>
      <line num="47" count="9" type="cond" truecount="2" falsecount="0"/>
      <line num="48" count="6" type="cond" truecount="2" falsecount="0"/>
      <line num="49" count="5" type="cond" truecount="2" falsecount="0"/>
      <line num="50" count="2" type="cond" truecount="1" falsecount="1"/>
      <line num="51" count="2" type="cond" truecount="2" falsecount="0"/>
      <line num="52" count="1" type="stmt"/>
      <line num="54" count="1" type="stmt"/>
      <line num="59" count="1" type="stmt"/>
      <line num="62" count="3" type="cond" truecount="2" falsecount="0"/>
      <line num="63" count="2" type="stmt"/>
      <line num="69" count="19" type="stmt"/>
      <line num="73" count="1" type="stmt"/>
    </file>
  </project>
</coverage>
