{"/Users/berwyntan/Dev/GlidedRose-js/js-jest/src/gilded_rose.js": {"path":"/Users/berwyntan/Dev/GlidedRose-js/js-jest/src/gilded_rose.js","statementMap":{"0":{"start":{"line":3,"column":4},"end":{"line":3,"column":21}},"1":{"start":{"line":4,"column":4},"end":{"line":4,"column":25}},"2":{"start":{"line":5,"column":4},"end":{"line":5,"column":27}},"3":{"start":{"line":11,"column":4},"end":{"line":11,"column":23}},"4":{"start":{"line":14,"column":4},"end":{"line":67,"column":5}},"5":{"start":{"line":14,"column":17},"end":{"line":14,"column":18}},"6":{"start":{"line":15,"column":6},"end":{"line":42,"column":7}},"7":{"start":{"line":16,"column":8},"end":{"line":25,"column":9}},"8":{"start":{"line":17,"column":10},"end":{"line":24,"column":11}},"9":{"start":{"line":18,"column":12},"end":{"line":22,"column":13}},"10":{"start":{"line":19,"column":14},"end":{"line":19,"column":64}},"11":{"start":{"line":21,"column":14},"end":{"line":21,"column":64}},"12":{"start":{"line":27,"column":8},"end":{"line":41,"column":9}},"13":{"start":{"line":28,"column":10},"end":{"line":28,"column":60}},"14":{"start":{"line":29,"column":10},"end":{"line":40,"column":11}},"15":{"start":{"line":30,"column":12},"end":{"line":34,"column":13}},"16":{"start":{"line":31,"column":14},"end":{"line":33,"column":15}},"17":{"start":{"line":32,"column":16},"end":{"line":32,"column":66}},"18":{"start":{"line":35,"column":12},"end":{"line":39,"column":13}},"19":{"start":{"line":36,"column":14},"end":{"line":38,"column":15}},"20":{"start":{"line":37,"column":16},"end":{"line":37,"column":66}},"21":{"start":{"line":43,"column":6},"end":{"line":45,"column":7}},"22":{"start":{"line":44,"column":8},"end":{"line":44,"column":56}},"23":{"start":{"line":46,"column":6},"end":{"line":66,"column":7}},"24":{"start":{"line":47,"column":8},"end":{"line":65,"column":9}},"25":{"start":{"line":48,"column":10},"end":{"line":60,"column":11}},"26":{"start":{"line":49,"column":12},"end":{"line":57,"column":13}},"27":{"start":{"line":50,"column":14},"end":{"line":56,"column":15}},"28":{"start":{"line":51,"column":16},"end":{"line":55,"column":17}},"29":{"start":{"line":52,"column":18},"end":{"line":52,"column":68}},"30":{"start":{"line":54,"column":18},"end":{"line":54,"column":68}},"31":{"start":{"line":59,"column":12},"end":{"line":59,"column":82}},"32":{"start":{"line":62,"column":10},"end":{"line":64,"column":11}},"33":{"start":{"line":63,"column":12},"end":{"line":63,"column":62}},"34":{"start":{"line":69,"column":4},"end":{"line":69,"column":22}},"35":{"start":{"line":73,"column":0},"end":{"line":76,"column":1}}},"fnMap":{"0":{"name":"(anonymous_0)","decl":{"start":{"line":2,"column":2},"end":{"line":2,"column":3}},"loc":{"start":{"line":2,"column":36},"end":{"line":6,"column":3}},"line":2},"1":{"name":"(anonymous_1)","decl":{"start":{"line":10,"column":2},"end":{"line":10,"column":3}},"loc":{"start":{"line":10,"column":23},"end":{"line":12,"column":3}},"line":10},"2":{"name":"(anonymous_2)","decl":{"start":{"line":13,"column":2},"end":{"line":13,"column":3}},"loc":{"start":{"line":13,"column":18},"end":{"line":70,"column":3}},"line":13}},"branchMap":{"0":{"loc":{"start":{"line":10,"column":14},"end":{"line":10,"column":22}},"type":"default-arg","locations":[{"start":{"line":10,"column":20},"end":{"line":10,"column":22}}],"line":10},"1":{"loc":{"start":{"line":15,"column":6},"end":{"line":42,"column":7}},"type":"if","locations":[{"start":{"line":15,"column":6},"end":{"line":42,"column":7}},{"start":{"line":15,"column":6},"end":{"line":42,"column":7}}],"line":15},"2":{"loc":{"start":{"line":15,"column":10},"end":{"line":15,"column":112}},"type":"binary-expr","locations":[{"start":{"line":15,"column":10},"end":{"line":15,"column":43}},{"start":{"line":15,"column":47},"end":{"line":15,"column":112}}],"line":15},"3":{"loc":{"start":{"line":16,"column":8},"end":{"line":25,"column":9}},"type":"if","locations":[{"start":{"line":16,"column":8},"end":{"line":25,"column":9}},{"start":{"line":16,"column":8},"end":{"line":25,"column":9}}],"line":16},"4":{"loc":{"start":{"line":17,"column":10},"end":{"line":24,"column":11}},"type":"if","locations":[{"start":{"line":17,"column":10},"end":{"line":24,"column":11}},{"start":{"line":17,"column":10},"end":{"line":24,"column":11}}],"line":17},"5":{"loc":{"start":{"line":18,"column":12},"end":{"line":22,"column":13}},"type":"if","locations":[{"start":{"line":18,"column":12},"end":{"line":22,"column":13}},{"start":{"line":18,"column":12},"end":{"line":22,"column":13}}],"line":18},"6":{"loc":{"start":{"line":27,"column":8},"end":{"line":41,"column":9}},"type":"if","locations":[{"start":{"line":27,"column":8},"end":{"line":41,"column":9}},{"start":{"line":27,"column":8},"end":{"line":41,"column":9}}],"line":27},"7":{"loc":{"start":{"line":29,"column":10},"end":{"line":40,"column":11}},"type":"if","locations":[{"start":{"line":29,"column":10},"end":{"line":40,"column":11}},{"start":{"line":29,"column":10},"end":{"line":40,"column":11}}],"line":29},"8":{"loc":{"start":{"line":30,"column":12},"end":{"line":34,"column":13}},"type":"if","locations":[{"start":{"line":30,"column":12},"end":{"line":34,"column":13}},{"start":{"line":30,"column":12},"end":{"line":34,"column":13}}],"line":30},"9":{"loc":{"start":{"line":31,"column":14},"end":{"line":33,"column":15}},"type":"if","locations":[{"start":{"line":31,"column":14},"end":{"line":33,"column":15}},{"start":{"line":31,"column":14},"end":{"line":33,"column":15}}],"line":31},"10":{"loc":{"start":{"line":35,"column":12},"end":{"line":39,"column":13}},"type":"if","locations":[{"start":{"line":35,"column":12},"end":{"line":39,"column":13}},{"start":{"line":35,"column":12},"end":{"line":39,"column":13}}],"line":35},"11":{"loc":{"start":{"line":36,"column":14},"end":{"line":38,"column":15}},"type":"if","locations":[{"start":{"line":36,"column":14},"end":{"line":38,"column":15}},{"start":{"line":36,"column":14},"end":{"line":38,"column":15}}],"line":36},"12":{"loc":{"start":{"line":43,"column":6},"end":{"line":45,"column":7}},"type":"if","locations":[{"start":{"line":43,"column":6},"end":{"line":45,"column":7}},{"start":{"line":43,"column":6},"end":{"line":45,"column":7}}],"line":43},"13":{"loc":{"start":{"line":46,"column":6},"end":{"line":66,"column":7}},"type":"if","locations":[{"start":{"line":46,"column":6},"end":{"line":66,"column":7}},{"start":{"line":46,"column":6},"end":{"line":66,"column":7}}],"line":46},"14":{"loc":{"start":{"line":47,"column":8},"end":{"line":65,"column":9}},"type":"if","locations":[{"start":{"line":47,"column":8},"end":{"line":65,"column":9}},{"start":{"line":47,"column":8},"end":{"line":65,"column":9}}],"line":47},"15":{"loc":{"start":{"line":48,"column":10},"end":{"line":60,"column":11}},"type":"if","locations":[{"start":{"line":48,"column":10},"end":{"line":60,"column":11}},{"start":{"line":48,"column":10},"end":{"line":60,"column":11}}],"line":48},"16":{"loc":{"start":{"line":49,"column":12},"end":{"line":57,"column":13}},"type":"if","locations":[{"start":{"line":49,"column":12},"end":{"line":57,"column":13}},{"start":{"line":49,"column":12},"end":{"line":57,"column":13}}],"line":49},"17":{"loc":{"start":{"line":50,"column":14},"end":{"line":56,"column":15}},"type":"if","locations":[{"start":{"line":50,"column":14},"end":{"line":56,"column":15}},{"start":{"line":50,"column":14},"end":{"line":56,"column":15}}],"line":50},"18":{"loc":{"start":{"line":51,"column":16},"end":{"line":55,"column":17}},"type":"if","locations":[{"start":{"line":51,"column":16},"end":{"line":55,"column":17}},{"start":{"line":51,"column":16},"end":{"line":55,"column":17}}],"line":51},"19":{"loc":{"start":{"line":62,"column":10},"end":{"line":64,"column":11}},"type":"if","locations":[{"start":{"line":62,"column":10},"end":{"line":64,"column":11}},{"start":{"line":62,"column":10},"end":{"line":64,"column":11}}],"line":62}},"s":{"0":19,"1":19,"2":19,"3":19,"4":19,"5":19,"6":19,"7":10,"8":7,"9":6,"10":3,"11":3,"12":9,"13":8,"14":8,"15":4,"16":3,"17":3,"18":4,"19":2,"20":2,"21":19,"22":18,"23":19,"24":9,"25":6,"26":5,"27":2,"28":2,"29":1,"30":1,"31":1,"32":3,"33":2,"34":19,"35":1},"f":{"0":19,"1":19,"2":19},"b":{"0":[0],"1":[10,9],"2":[19,14],"3":[7,3],"4":[6,1],"5":[3,3],"6":[8,1],"7":[4,4],"8":[3,1],"9":[3,0],"10":[2,2],"11":[2,0],"12":[18,1],"13":[9,10],"14":[6,3],"15":[5,1],"16":[2,3],"17":[2,0],"18":[1,1],"19":[2,1]},"_coverageSchema":"43e27e138ebf9cfc5966b082cf9a028302ed4184","hash":"de5d067fa2933a0ea619caa1aa79bd6c18500453"}
}
