TN:
SF:/Users/berwyntan/Dev/GlidedRose-js/js-jest/src/gilded_rose.js
FN:2,(anonymous_0)
FN:10,(anonymous_1)
FN:13,(anonymous_2)
FNF:3
FNH:3
FNDA:9,(anonymous_0)
FNDA:9,(anonymous_1)
FNDA:9,(anonymous_2)
DA:3,9
DA:4,9
DA:5,9
DA:11,9
DA:14,9
DA:15,9
DA:16,5
DA:17,3
DA:18,3
DA:22,4
DA:23,4
DA:24,4
DA:25,0
DA:26,0
DA:27,0
DA:30,0
DA:31,0
DA:32,0
DA:38,9
DA:39,9
DA:41,9
DA:42,5
DA:43,3
DA:44,3
DA:45,1
DA:46,1
DA:50,0
DA:53,2
DA:54,2
DA:60,9
DA:64,1
LF:31
LH:24
BRDA:10,0,0,0
BRDA:15,1,0,5
BRDA:15,1,1,4
BRDA:15,2,0,9
BRDA:15,2,1,5
BRDA:16,3,0,3
BRDA:16,3,1,2
BRDA:17,4,0,3
BRDA:17,4,1,0
BRDA:22,5,0,4
BRDA:22,5,1,0
BRDA:24,6,0,0
BRDA:24,6,1,4
BRDA:25,7,0,0
BRDA:25,7,1,0
BRDA:26,8,0,0
BRDA:26,8,1,0
BRDA:30,9,0,0
BRDA:30,9,1,0
BRDA:31,10,0,0
BRDA:31,10,1,0
BRDA:38,11,0,9
BRDA:38,11,1,0
BRDA:41,12,0,5
BRDA:41,12,1,4
BRDA:42,13,0,3
BRDA:42,13,1,2
BRDA:43,14,0,3
BRDA:43,14,1,0
BRDA:44,15,0,1
BRDA:44,15,1,2
BRDA:45,16,0,1
BRDA:45,16,1,0
BRDA:53,17,0,2
BRDA:53,17,1,0
BRF:35
BRH:19
end_of_record
