TN:
SF:/Users/berwyntan/Dev/GlidedRose-js/js-jest/src/gilded_rose.js
FN:2,(anonymous_0)
FN:10,(anonymous_1)
FN:13,(anonymous_2)
FNF:3
FNH:3
FNDA:19,(anonymous_0)
FNDA:19,(anonymous_1)
FNDA:19,(anonymous_2)
DA:3,19
DA:4,19
DA:5,19
DA:11,19
DA:14,19
DA:15,19
DA:16,10
DA:17,7
DA:18,6
DA:19,3
DA:21,3
DA:27,9
DA:28,8
DA:29,8
DA:30,4
DA:31,3
DA:32,3
DA:35,4
DA:36,2
DA:37,2
DA:43,19
DA:44,18
DA:46,19
DA:47,9
DA:48,6
DA:49,5
DA:50,2
DA:51,2
DA:52,1
DA:54,1
DA:59,1
DA:62,3
DA:63,2
DA:69,19
DA:73,1
LF:35
LH:35
BRDA:10,0,0,0
BRDA:15,1,0,10
BRDA:15,1,1,9
BRDA:15,2,0,19
BRDA:15,2,1,14
BRDA:16,3,0,7
BRDA:16,3,1,3
BRDA:17,4,0,6
BRDA:17,4,1,1
BRDA:18,5,0,3
BRDA:18,5,1,3
BRDA:27,6,0,8
BRDA:27,6,1,1
BRDA:29,7,0,4
BRDA:29,7,1,4
BRDA:30,8,0,3
BRDA:30,8,1,1
BRDA:31,9,0,3
BRDA:31,9,1,0
BRDA:35,10,0,2
BRDA:35,10,1,2
BRDA:36,11,0,2
BRDA:36,11,1,0
BRDA:43,12,0,18
BRDA:43,12,1,1
BRDA:46,13,0,9
BRDA:46,13,1,10
BRDA:47,14,0,6
BRDA:47,14,1,3
BRDA:48,15,0,5
BRDA:48,15,1,1
BRDA:49,16,0,2
BRDA:49,16,1,3
BRDA:50,17,0,2
BRDA:50,17,1,0
BRDA:51,18,0,1
BRDA:51,18,1,1
BRDA:62,19,0,2
BRDA:62,19,1,1
BRF:39
BRH:35
end_of_record
